 62 f   20.800
 -165.386 20 0
 -8.974 -8.143 -7.262 -6.345 -5.399 -4.438 -3.469 -2.493 -1.508 -0.509  0.509  1.508  2.493  3.469  4.438  5.399  6.345  7.262  8.143  8.974 
  0.000 -0.583 -1.090 -1.531 -1.905 -2.241 -2.551 -2.839 -3.090 -3.282 -3.282 -3.090 -2.839 -2.551 -2.241 -1.905 -1.531 -1.090 -0.583 -0.000 
 -160.000 20 0
 -11.691 -10.637 -9.490 -8.283 -7.038 -5.773 -4.495 -3.211 -1.923 -0.659  0.659  1.923  3.211  4.495  5.773  7.038  8.283  9.490 10.637 11.691 
  0.000 -0.847 -1.569 -2.187 -2.725 -3.215 -3.673 -4.111 -4.539 -4.942 -4.942 -4.539 -4.111 -3.673 -3.215 -2.725 -2.187 -1.569 -0.847 -0.000 
 -154.620 20 0
 -14.184 -11.963 -9.362 -6.638 -3.867 -1.246 -0.129 -0.480 -1.427 -1.191  1.191  1.427  0.480  0.129  1.246  3.867  6.638  9.362 11.963 14.184 
  0.000 -1.916 -3.295 -4.419 -5.425 -6.743 -9.389 -12.300 -15.083 -17.946 -17.946 -15.083 -12.300 -9.389 -6.743 -5.425 -4.419 -3.295 -1.916  0.000 
 -149.240 20 0
 -16.531 -14.299 -11.579 -8.677 -5.736 -3.086 -1.902 -2.358 -2.749 -1.383  1.383  2.749  2.358  1.902  3.086  5.736  8.677 11.579 14.299 16.531 
  0.000 -2.245 -3.887 -5.192 -6.406 -8.126 -10.986 -14.123 -17.256 -20.043 -20.043 -17.256 -14.123 -10.986 -8.126 -6.406 -5.192 -3.887 -2.245 -0.000 
 -143.860 20 0
 -18.612 -16.522 -13.866 -10.983 -8.016 -5.324 -3.963 -4.048 -3.743 -1.562  1.562  3.743  4.048  3.963  5.324  8.016 10.983 13.866 16.522 18.612 
  0.000 -2.451 -4.303 -5.782 -7.090 -8.867 -11.713 -14.946 -18.140 -20.427 -20.427 -18.140 -14.946 -11.713 -8.867 -7.090 -5.782 -4.303 -2.451 -0.000 
 -138.480 20 0
 -20.447 -18.506 -15.919 -13.040 -10.135 -7.457 -5.932 -5.540 -4.400 -1.646  1.646  4.400  5.540  5.932  7.457 10.135 13.040 15.919 18.506 20.447 
  0.000 -2.652 -4.695 -6.315 -7.892 -9.811 -12.665 -15.944 -18.998 -20.666 -20.666 -18.998 -15.944 -12.665 -9.811 -7.892 -6.315 -4.695 -2.652  0.000 
 -133.100 20 0
 -22.194 -20.358 -17.821 -14.926 -11.954 -9.220 -7.620 -6.680 -4.622 -1.722  1.722  4.622  6.680  7.620  9.220 11.954 14.926 17.821 20.358 22.194 
  0.000 -2.894 -5.214 -7.076 -8.819 -10.889 -13.893 -17.203 -19.841 -20.773 -20.773 -19.841 -17.203 -13.893 -10.889 -8.819 -7.076 -5.214 -2.894  0.000 
 -127.720 20 0
 -23.716 -22.081 -19.668 -16.841 -13.881 -11.105 -9.206 -7.738 -5.153 -1.760  1.760  5.153  7.738  9.206 11.105 13.881 16.841 19.668 22.081 23.716 
  0.000 -3.097 -5.649 -7.738 -9.642 -11.795 -14.726 -17.919 -20.174 -20.787 -20.787 -20.174 -17.919 -14.726 -11.795 -9.642 -7.738 -5.649 -3.097 -0.000 
 -122.340 20 0
 -25.069 -23.595 -21.318 -18.536 -15.562 -12.708 -10.549 -8.512 -5.394 -1.819  1.819  5.394  8.512 10.549 12.708 15.562 18.536 21.318 23.595 25.069 
  0.000 -3.308 -6.138 -8.475 -10.572 -12.824 -15.736 -18.734 -20.480 -20.787 -20.787 -20.480 -18.734 -15.736 -12.824 -10.572 -8.475 -6.138 -3.308  0.000 
 -116.960 20 0
 -26.221 -24.899 -22.791 -20.092 -17.104 -14.176 -11.730 -9.135 -5.622 -1.879  1.879  5.622  9.135 11.730 14.176 17.104 20.092 22.791 24.899 26.221 
  0.000 -3.504 -6.606 -9.214 -11.494 -13.847 -16.690 -19.389 -20.634 -20.787 -20.787 -20.634 -19.389 -16.690 -13.847 -11.494 -9.214 -6.606 -3.504 -0.000 
 -111.580 20 0
 -27.180 -26.015 -24.069 -21.471 -18.478 -15.465 -12.691 -9.565 -5.817 -1.942  1.942  5.817  9.565 12.691 15.465 18.478 21.471 24.069 26.015 27.180 
  0.000 -3.695 -7.046 -9.922 -12.398 -14.849 -17.566 -19.825 -20.739 -20.787 -20.787 -20.739 -19.825 -17.566 -14.849 -12.398 -9.922 -7.046 -3.695 -0.000 
 -106.200 20 0
 -27.914 -26.934 -25.174 -22.695 -19.721 -16.587 -13.471 -9.958 -6.012 -2.004  2.004  6.012  9.958 13.471 16.587 19.721 22.695 25.174 26.934 27.914 
  0.000 -3.878 -7.470 -10.606 -13.290 -15.789 -18.308 -20.189 -20.788 -20.788 -20.788 -20.788 -20.189 -18.308 -15.789 -13.290 -10.606 -7.470 -3.878  0.000 
 -100.820 20 0
 -28.416 -27.634 -26.111 -23.794 -20.844 -17.548 -14.124 -10.288 -6.193 -2.064  2.064  6.193 10.288 14.124 17.548 20.844 23.794 26.111 27.634 28.416 
  0.000 -4.048 -7.876 -11.279 -14.159 -16.644 -18.946 -20.417 -20.788 -20.788 -20.788 -20.788 -20.417 -18.946 -16.644 -14.159 -11.279 -7.876 -4.048  0.000 
 -95.440 20 0
 -28.720 -28.148 -26.931 -24.770 -21.828 -18.370 -14.664 -10.596 -6.367 -2.122  2.122  6.367 10.596 14.664 18.370 21.828 24.770 26.931 28.148 28.720 
 -0.000 -4.203 -8.260 -11.899 -14.944 -17.401 -19.459 -20.608 -20.787 -20.788 -20.788 -20.787 -20.608 -19.459 -17.401 -14.944 -11.899 -8.260 -4.203 -0.000 
 -90.060 20 0
 -28.873 -28.510 -27.566 -25.662 -22.698 -19.102 -15.139 -10.878 -6.533 -2.178  2.178  6.533 10.878 15.139 19.102 22.698 25.662 27.566 28.510 28.873 
  0.000 -4.338 -8.580 -12.476 -15.646 -18.091 -19.875 -20.707 -20.787 -20.787 -20.787 -20.787 -20.707 -19.875 -18.091 -15.646 -12.476 -8.580 -4.338  0.000 
 -84.680 20 0
 -28.972 -28.774 -28.088 -26.407 -23.488 -19.739 -15.555 -11.158 -6.695 -2.232  2.232  6.695 11.158 15.555 19.739 23.488 26.407 28.088 28.774 28.972 
  0.000 -4.458 -8.862 -12.970 -16.315 -18.715 -20.238 -20.787 -20.787 -20.787 -20.787 -20.787 -20.787 -20.238 -18.715 -16.315 -12.970 -8.862 -4.458  0.000 
 -79.300 20 0
 -28.987 -28.926 -28.479 -27.053 -24.197 -20.322 -15.934 -11.404 -6.842 -2.281  2.281  6.842 11.404 15.934 20.322 24.197 27.053 28.479 28.926 28.987 
  0.000 -4.561 -9.095 -13.405 -16.923 -19.284 -20.484 -20.787 -20.787 -20.787 -20.787 -20.787 -20.787 -20.484 -19.284 -16.923 -13.405 -9.095 -4.561  0.000 
 -73.920 20 0
 -28.983 -28.981 -28.728 -27.581 -24.850 -20.823 -16.273 -11.633 -6.980 -2.327  2.327  6.980 11.633 16.273 20.823 24.850 27.581 28.728 28.981 28.983 
 -0.000 -4.653 -9.295 -13.785 -17.496 -19.756 -20.662 -20.787 -20.787 -20.787 -20.787 -20.787 -20.787 -20.662 -19.756 -17.496 -13.785 -9.295 -4.653 -0.000 
 -68.540 20 0
 -28.973 -28.981 -28.898 -28.022 -25.453 -21.265 -16.591 -11.851 -7.111 -2.370  2.370  7.111 11.851 16.591 21.265 25.453 28.022 28.898 28.981 28.973 
  0.000 -4.740 -9.479 -14.118 -18.035 -20.150 -20.787 -20.787 -20.788 -20.788 -20.788 -20.788 -20.787 -20.787 -20.150 -18.035 -14.118 -9.479 -4.740  0.000 
 -63.160 20 0
 -28.962 -28.966 -28.975 -28.397 -25.975 -21.664 -16.870 -12.050 -7.230 -2.410  2.410  7.230 12.050 16.870 21.664 25.975 28.397 28.975 28.966 28.962 
  0.000 -4.820 -9.640 -14.407 -18.475 -20.453 -20.788 -20.788 -20.788 -20.788 -20.788 -20.788 -20.788 -20.788 -20.453 -18.475 -14.407 -9.640 -4.820  0.000 
 -57.780 20 0
 -28.952 -28.953 -28.975 -28.717 -26.491 -22.013 -17.126 -12.233 -7.340 -2.447  2.447  7.340 12.233 17.126 22.013 26.491 28.717 28.975 28.953 28.952 
  0.000 -4.893 -9.786 -14.661 -18.912 -20.651 -20.788 -20.788 -20.788 -20.788 -20.788 -20.788 -20.788 -20.788 -20.651 -18.912 -14.661 -9.786 -4.893  0.000 
 -52.400 20 0
 -28.945 -28.941 -28.965 -28.894 -26.965 -22.337 -17.373 -12.410 -7.446 -2.482  2.482  7.446 12.410 17.373 22.337 26.965 28.894 28.965 28.941 28.945 
  0.000 -4.964 -9.928 -14.888 -19.323 -20.788 -20.788 -20.788 -20.788 -20.788 -20.788 -20.788 -20.788 -20.788 -20.788 -19.323 -14.888 -9.928 -4.964  0.000 
 -47.020 20 0
 -28.938 -28.929 -28.947 -28.965 -27.404 -22.640 -17.609 -12.578 -7.547 -2.516  2.516  7.547 12.578 17.609 22.640 27.404 28.965 28.947 28.929 28.938 
  0.000 -5.031 -10.062 -15.093 -19.687 -20.788 -20.788 -20.788 -20.788 -20.788 -20.788 -20.788 -20.788 -20.788 -20.788 -19.687 -15.093 -10.062 -5.031  0.000 
 -41.640 20 0
 -28.934 -28.921 -28.935 -28.971 -27.820 -22.894 -17.806 -12.719 -7.631 -2.544  2.544  7.631 12.719 17.806 22.894 27.820 28.971 28.935 28.921 28.934 
 -0.000 -5.088 -10.175 -15.262 -20.035 -20.788 -20.788 -20.788 -20.788 -20.788 -20.788 -20.788 -20.788 -20.788 -20.788 -20.035 -15.262 -10.175 -5.088 -0.000 
 -36.260 20 0
 -28.935 -28.919 -28.930 -28.963 -28.004 -23.044 -17.923 -12.802 -7.681 -2.560  2.560  7.681 12.802 17.923 23.044 28.004 28.963 28.930 28.919 28.935 
 -0.000 -5.121 -10.242 -15.363 -20.158 -20.788 -20.788 -20.788 -20.788 -20.788 -20.788 -20.788 -20.788 -20.788 -20.788 -20.158 -15.363 -10.242 -5.121 -0.000 
 -30.880 20 0
 -28.938 -28.922 -28.934 -28.968 -28.033 -23.061 -17.936 -12.811 -7.687 -2.562  2.562  7.687 12.811 17.936 23.061 28.033 28.968 28.934 28.922 28.938 
 -0.000 -5.125 -10.249 -15.374 -20.183 -20.788 -20.788 -20.788 -20.788 -20.788 -20.788 -20.788 -20.788 -20.788 -20.788 -20.183 -15.374 -10.249 -5.125 -0.000 
 -25.500 20 0
 -28.943 -28.928 -28.939 -28.972 -28.030 -23.058 -17.934 -12.810 -7.686 -2.562  2.562  7.686 12.810 17.934 23.058 28.030 28.972 28.939 28.928 28.943 
  0.000 -5.124 -10.248 -15.372 -20.192 -20.788 -20.788 -20.788 -20.788 -20.788 -20.788 -20.788 -20.788 -20.788 -20.788 -20.192 -15.372 -10.248 -5.124  0.000 
 -20.120 20 0
 -28.948 -28.934 -28.945 -28.974 -28.039 -23.062 -17.937 -12.812 -7.687 -2.562  2.562  7.687 12.812 17.937 23.062 28.039 28.974 28.945 28.934 28.948 
  0.000 -5.125 -10.250 -15.375 -20.204 -20.788 -20.788 -20.788 -20.788 -20.788 -20.788 -20.788 -20.788 -20.788 -20.788 -20.204 -15.375 -10.250 -5.125  0.000 
 -14.740 20 0
 -28.954 -28.941 -28.951 -28.977 -28.037 -23.061 -17.936 -12.812 -7.687 -2.562  2.562  7.687 12.812 17.936 23.061 28.037 28.977 28.951 28.941 28.954 
  0.000 -5.125 -10.249 -15.374 -20.192 -20.788 -20.788 -20.788 -20.788 -20.788 -20.788 -20.788 -20.788 -20.788 -20.788 -20.192 -15.374 -10.249 -5.125  0.000 
 -9.360 20 0
 -28.960 -28.949 -28.957 -28.980 -28.048 -23.063 -17.938 -12.813 -7.688 -2.563  2.563  7.688 12.813 17.938 23.063 28.048 28.980 28.957 28.949 28.960 
  0.000 -5.125 -10.250 -15.375 -20.207 -20.788 -20.788 -20.788 -20.788 -20.788 -20.788 -20.788 -20.788 -20.788 -20.788 -20.207 -15.375 -10.250 -5.125  0.000 
 -3.980 20 0
 -28.965 -28.956 -28.963 -28.983 -28.064 -23.079 -17.950 -12.822 -7.693 -2.564  2.564  7.693 12.822 17.950 23.079 28.064 28.983 28.963 28.956 28.965 
  0.000 -5.129 -10.257 -15.386 -20.195 -20.783 -20.788 -20.788 -20.788 -20.788 -20.788 -20.788 -20.788 -20.788 -20.783 -20.195 -15.386 -10.257 -5.129  0.000 
  1.400 20 0
 -28.972 -28.964 -28.969 -28.986 -28.093 -23.082 -17.953 -12.824 -7.694 -2.565  2.565  7.694 12.824 17.953 23.082 28.093 28.986 28.969 28.964 28.972 
  0.000 -5.129 -10.259 -15.388 -20.248 -20.795 -20.789 -20.788 -20.788 -20.788 -20.788 -20.788 -20.788 -20.789 -20.795 -20.248 -15.388 -10.259 -5.129  0.000 
  6.780 20 0
 -28.978 -28.972 -28.975 -28.990 -28.100 -23.080 -17.951 -12.822 -7.693 -2.564  2.564  7.693 12.822 17.951 23.080 28.100 28.990 28.975 28.972 28.978 
  0.000 -5.129 -10.258 -15.386 -20.257 -20.775 -20.780 -20.784 -20.787 -20.788 -20.788 -20.787 -20.784 -20.780 -20.775 -20.257 -15.386 -10.258 -5.129  0.000 
 12.160 20 0
 -28.984 -28.979 -28.981 -28.991 -28.085 -23.070 -17.943 -12.817 -7.690 -2.563  2.563  7.690 12.817 17.943 23.070 28.085 28.991 28.981 28.979 28.984 
  0.000 -5.127 -10.253 -15.380 -20.217 -20.790 -20.781 -20.787 -20.788 -20.788 -20.788 -20.788 -20.787 -20.781 -20.790 -20.217 -15.380 -10.253 -5.127  0.000 
 17.540 20 0
 -28.990 -28.987 -28.988 -28.995 -28.036 -23.056 -17.933 -12.809 -7.685 -2.562  2.562  7.685 12.809 17.933 23.056 28.036 28.995 28.988 28.987 28.990 
  0.000 -5.124 -10.247 -15.371 -20.123 -20.775 -20.791 -20.790 -20.788 -20.788 -20.788 -20.788 -20.790 -20.791 -20.775 -20.123 -15.371 -10.247 -5.124  0.000 
 22.920 20 0
 -28.996 -28.994 -28.995 -28.997 -28.019 -23.071 -17.944 -12.817 -7.690 -2.563  2.563  7.690 12.817 17.944 23.071 28.019 28.997 28.995 28.994 28.996 
  0.000 -5.127 -10.254 -15.381 -20.156 -20.798 -20.792 -20.789 -20.788 -20.788 -20.788 -20.788 -20.789 -20.792 -20.798 -20.156 -15.381 -10.254 -5.127  0.000 
 28.300 20 0
 -29.002 -29.002 -29.001 -29.000 -28.080 -23.083 -17.953 -12.824 -7.694 -2.565  2.565  7.694 12.824 17.953 23.083 28.080 29.000 29.001 29.002 29.002 
  0.000 -5.129 -10.259 -15.388 -20.229 -20.787 -20.788 -20.788 -20.788 -20.788 -20.788 -20.788 -20.788 -20.788 -20.787 -20.229 -15.388 -10.259 -5.129  0.000 
 33.680 20 0
 -29.008 -29.010 -29.008 -29.003 -28.058 -23.079 -17.950 -12.821 -7.693 -2.564  2.564  7.693 12.821 17.950 23.079 28.058 29.003 29.008 29.010 29.008 
  0.000 -5.129 -10.257 -15.386 -20.200 -20.782 -20.787 -20.788 -20.788 -20.788 -20.788 -20.788 -20.788 -20.787 -20.782 -20.200 -15.386 -10.257 -5.129  0.000 
 39.060 20 0
 -29.014 -29.017 -29.014 -29.007 -28.068 -23.076 -17.948 -12.820 -7.692 -2.564  2.564  7.692 12.820 17.948 23.076 28.068 29.007 29.014 29.017 29.014 
  0.000 -5.128 -10.256 -15.384 -20.218 -20.786 -20.787 -20.788 -20.788 -20.788 -20.788 -20.788 -20.788 -20.787 -20.786 -20.218 -15.384 -10.256 -5.128  0.000 
 44.440 20 0
 -29.021 -29.025 -29.020 -29.008 -28.089 -23.077 -17.949 -12.821 -7.692 -2.564  2.564  7.692 12.821 17.949 23.077 28.089 29.008 29.020 29.025 29.021 
  0.000 -5.128 -10.256 -15.385 -20.244 -20.788 -20.788 -20.788 -20.788 -20.788 -20.788 -20.788 -20.788 -20.788 -20.788 -20.244 -15.385 -10.256 -5.128  0.000 
 49.820 20 0
 -29.027 -29.034 -29.027 -29.011 -28.092 -23.078 -17.950 -12.821 -7.693 -2.564  2.564  7.693 12.821 17.950 23.078 28.092 29.011 29.027 29.034 29.027 
  0.000 -5.129 -10.257 -15.386 -20.241 -20.788 -20.788 -20.788 -20.788 -20.788 -20.788 -20.788 -20.788 -20.788 -20.788 -20.241 -15.386 -10.257 -5.129  0.000 
 55.200 20 0
 -29.034 -29.043 -29.034 -29.013 -28.073 -23.086 -17.956 -12.825 -7.695 -2.565  2.565  7.695 12.825 17.956 23.086 28.073 29.013 29.034 29.043 29.034 
  0.000 -5.130 -10.260 -15.390 -20.228 -20.787 -20.788 -20.788 -20.788 -20.788 -20.788 -20.788 -20.788 -20.788 -20.787 -20.228 -15.390 -10.260 -5.130  0.000 
 60.580 20 0
 -29.040 -29.050 -29.040 -29.016 -28.070 -23.079 -17.951 -12.822 -7.693 -2.564  2.564  7.693 12.822 17.951 23.079 28.070 29.016 29.040 29.050 29.040 
  0.000 -5.129 -10.257 -15.386 -20.225 -20.787 -20.788 -20.788 -20.788 -20.788 -20.788 -20.788 -20.788 -20.788 -20.787 -20.225 -15.386 -10.257 -5.129  0.000 
 65.960 20 0
 -29.044 -29.054 -29.040 -29.005 -27.992 -23.023 -17.907 -12.790 -7.674 -2.558  2.558  7.674 12.790 17.907 23.023 27.992 29.005 29.040 29.054 29.044 
  0.000 -5.116 -10.232 -15.348 -20.173 -20.787 -20.788 -20.788 -20.788 -20.788 -20.788 -20.788 -20.788 -20.788 -20.787 -20.173 -15.348 -10.232 -5.116  0.000 
 71.340 20 0
 -29.040 -29.049 -29.038 -29.001 -27.813 -22.890 -17.803 -12.716 -7.630 -2.543  2.543  7.630 12.716 17.803 22.890 27.813 29.001 29.038 29.049 29.040 
  0.000 -5.087 -10.173 -15.260 -20.040 -20.787 -20.788 -20.788 -20.788 -20.788 -20.788 -20.788 -20.788 -20.788 -20.787 -20.040 -15.260 -10.173 -5.087  0.000 
 76.720 20 0
 -29.018 -29.023 -29.016 -28.985 -27.457 -22.682 -17.641 -12.601 -7.561 -2.520  2.520  7.561 12.601 17.641 22.682 27.457 28.985 29.016 29.023 29.018 
  0.000 -5.040 -10.081 -15.121 -19.744 -20.787 -20.788 -20.788 -20.788 -20.788 -20.788 -20.788 -20.788 -20.788 -20.787 -19.744 -15.121 -10.081 -5.040  0.000 
 82.100 20 0
 -28.975 -28.980 -28.983 -28.882 -27.031 -22.402 -17.424 -12.446 -7.467 -2.489  2.489  7.467 12.446 17.424 22.402 27.031 28.882 28.983 28.980 28.975 
  0.000 -4.978 -9.957 -14.933 -19.406 -20.787 -20.788 -20.788 -20.788 -20.788 -20.788 -20.788 -20.788 -20.788 -20.787 -19.406 -14.933 -9.957 -4.978  0.000 
 87.480 20 0
 -28.878 -28.882 -28.887 -28.643 -26.579 -22.086 -17.178 -12.270 -7.362 -2.454  2.454  7.362 12.270 17.178 22.086 26.579 28.643 28.887 28.882 28.878 
  0.000 -4.908 -9.816 -14.714 -19.051 -20.766 -20.788 -20.788 -20.788 -20.788 -20.788 -20.788 -20.788 -20.788 -20.766 -19.051 -14.714 -9.816 -4.908  0.000 
 92.860 20 0
 -28.762 -28.740 -28.682 -28.265 -26.061 -21.732 -16.911 -12.079 -7.248 -2.416  2.416  7.248 12.079 16.911 21.732 26.061 28.265 28.682 28.740 28.762 
 -0.000 -4.832 -9.663 -14.471 -18.668 -20.637 -20.787 -20.788 -20.788 -20.788 -20.788 -20.788 -20.788 -20.787 -20.637 -18.668 -14.471 -9.663 -4.832 -0.000 
 98.240 20 0
 -28.639 -28.549 -28.357 -27.757 -25.507 -21.338 -16.619 -11.870 -7.122 -2.374  2.374  7.122 11.870 16.619 21.338 25.507 27.757 28.357 28.549 28.639 
  0.000 -4.747 -9.491 -14.194 -18.281 -20.422 -20.785 -20.788 -20.788 -20.788 -20.788 -20.788 -20.788 -20.785 -20.422 -18.281 -14.194 -9.491 -4.747  0.000 
 103.620 20 0
 -28.417 -28.228 -27.906 -27.135 -24.909 -20.881 -16.293 -11.638 -6.983 -2.328  2.328  6.983 11.638 16.293 20.881 24.909 27.135 27.906 28.228 28.417 
  0.000 -4.651 -9.295 -13.879 -17.898 -20.129 -20.780 -20.786 -20.787 -20.788 -20.788 -20.787 -20.786 -20.780 -20.129 -17.898 -13.879 -9.295 -4.651  0.000 
 109.000 20 0
 -27.992 -27.699 -27.301 -26.428 -24.182 -20.367 -15.924 -11.376 -6.825 -2.275  2.275  6.825 11.376 15.924 20.367 24.182 26.428 27.301 27.699 27.992 
  0.000 -4.541 -9.073 -13.532 -17.422 -19.820 -20.711 -20.784 -20.787 -20.787 -20.787 -20.787 -20.784 -20.711 -19.820 -17.422 -13.532 -9.073 -4.541  0.000 
 114.380 20 0
 -27.285 -26.918 -26.482 -25.551 -23.371 -19.738 -15.482 -11.067 -6.640 -2.213  2.213  6.640 11.067 15.482 19.738 23.371 25.551 26.482 26.918 27.285 
  0.000 -4.411 -8.816 -13.135 -16.940 -19.412 -20.560 -20.784 -20.787 -20.788 -20.788 -20.787 -20.784 -20.560 -19.412 -16.940 -13.135 -8.816 -4.411  0.000 
 119.760 20 0
 -26.183 -25.793 -25.378 -24.474 -22.327 -18.943 -14.928 -10.686 -6.412 -2.137  2.137  6.412 10.686 14.928 18.943 22.327 24.474 25.378 25.793 26.183 
  0.000 -4.256 -8.510 -12.682 -16.342 -18.908 -20.315 -20.765 -20.787 -20.788 -20.788 -20.787 -20.765 -20.315 -18.908 -16.342 -12.682 -8.510 -4.256  0.000 
 125.140 20 0
 -24.552 -24.167 -23.825 -22.955 -20.983 -17.901 -14.192 -10.191 -6.117 -2.039  2.039  6.117 10.191 14.192 17.901 20.983 22.955 23.825 24.167 24.552 
 -0.000 -4.059 -8.122 -12.099 -15.628 -18.263 -19.913 -20.645 -20.778 -20.786 -20.786 -20.778 -20.645 -19.913 -18.263 -15.628 -12.099 -8.122 -4.059 -0.000 
 130.520 20 0
 -22.415 -22.043 -21.792 -21.058 -19.312 -16.612 -13.265 -9.576 -5.760 -1.920  1.920  5.760  9.576 13.265 16.612 19.312 21.058 21.792 22.043 22.415 
  0.000 -3.821 -7.652 -11.410 -14.804 -17.504 -19.352 -20.381 -20.748 -20.785 -20.785 -20.748 -20.381 -19.352 -17.504 -14.804 -11.410 -7.652 -3.821  0.000 
 135.900 20 0
 -19.791 -19.431 -19.330 -18.781 -17.400 -15.083 -12.163 -8.853 -5.353 -1.786  1.786  5.353  8.853 12.163 15.083 17.400 18.781 19.330 19.431 19.791 
 -0.000 -3.550 -7.119 -10.641 -13.910 -16.606 -18.636 -19.955 -20.627 -20.773 -20.773 -20.627 -19.955 -18.636 -16.606 -13.910 -10.641 -7.119 -3.550 -0.000 
 141.280 20 0
 -16.342 -16.149 -16.238 -15.985 -14.998 -13.222 -10.792 -7.959 -4.858 -1.631  1.631  4.858  7.959 10.792 13.222 14.998 15.985 16.238 16.149 16.342 
  0.000 -3.247 -6.508 -9.754 -12.846 -15.562 -17.723 -19.320 -20.313 -20.747 -20.747 -20.313 -19.320 -17.723 -15.562 -12.846 -9.754 -6.508 -3.247  0.000 
 146.660 20 0
 -11.502 -11.779 -12.352 -12.613 -12.202 -10.986 -9.155 -6.871 -4.272 -1.452  1.452  4.272  6.871  9.155 10.986 12.202 12.613 12.352 11.779 11.502 
  0.000 -2.831 -5.719 -8.645 -11.552 -14.224 -16.523 -18.372 -19.738 -20.556 -20.556 -19.738 -18.372 -16.523 -14.224 -11.552 -8.645 -5.719 -2.831  0.000 
 152.040 20 0
 -4.705 -5.328 -7.092 -8.482 -8.875 -8.432 -7.257 -5.585 -3.574 -1.263  1.263  3.574  5.585  7.257  8.432  8.875  8.482  7.092  5.328  4.705 
 -0.000 -2.559 -4.595 -6.878 -9.535 -12.182 -14.597 -16.708 -18.500 -19.880 -19.880 -18.500 -16.708 -14.597 -12.182 -9.535 -6.878 -4.595 -2.559 -0.000 
 157.420 20 0
 -0.000 -1.781 -3.361 -4.561 -5.027 -4.892 -4.333 -3.441 -2.274 -0.852  0.852  2.274  3.441  4.333  4.892  5.027  4.561  3.361  1.781  0.000 
 -3.998 -4.849 -6.023 -7.568 -9.461 -11.425 -13.315 -15.070 -16.660 -18.024 -18.024 -16.660 -15.070 -13.315 -11.425 -9.461 -7.568 -6.023 -4.849 -3.998 
 162.800 6 0
  0.0 -0.2 -0.1 0.1 0.1 0.0
 -10.6 -10.6 -10.7 -10.7 -10.6 -10.6
